This is pdfTeX, Version 3.141592653-2.6-1.40.25 (MiKTeX 23.10) (preloaded format=pdflatex 2024.3.7)  1 MAY 2024 12:44
entering extended mode
 restricted \write18 enabled.
 file:line:error style messages enabled.
 %&-line parsing enabled.
**/home/prlpnrpph512/Documents/PWRINSPACE/Aerodynamics-Documentation/R6TR/docs/TR-R6.tex
(/home/prlpnrpph512/Documents/PWRINSPACE/Aerodynamics-Documentation/R6TR/docs/TR-R6.tex
LaTeX2e <2023-11-01> patch level 1
L3 programming layer <2024-02-20>
(/home/prlpnrpph512/.miktex/texmfs/install/tex/latex/base/article.cls
Document Class: article 2023/05/17 v1.4n Standard LaTeX document class
(/home/prlpnrpph512/.miktex/texmfs/install/tex/latex/base/size10.clo
File: size10.clo 2023/05/17 v1.4n Standard LaTeX file (size option)
)
\c@part=\count188
\c@section=\count189
\c@subsection=\count190
\c@subsubsection=\count191
\c@paragraph=\count192
\c@subparagraph=\count193
\c@figure=\count194
\c@table=\count195
\abovecaptionskip=\skip48
\belowcaptionskip=\skip49
\bibindent=\dimen140
) (/home/prlpnrpph512/.miktex/texmfs/install/tex/latex/amsmath/amsmath.sty
Package: amsmath 2023/05/13 v2.17o AMS math features
\@mathmargin=\skip50

For additional information on amsmath, use the `?' option.
(/home/prlpnrpph512/.miktex/texmfs/install/tex/latex/amsmath/amstext.sty
Package: amstext 2021/08/26 v2.01 AMS text
 (/home/prlpnrpph512/.miktex/texmfs/install/tex/latex/amsmath/amsgen.sty
File: amsgen.sty 1999/11/30 v2.0 generic functions
\@emptytoks=\toks17
\ex@=\dimen141
)) (/home/prlpnrpph512/.miktex/texmfs/install/tex/latex/amsmath/amsbsy.sty
Package: amsbsy 1999/11/29 v1.2d Bold Symbols
\pmbraise@=\dimen142
) (/home/prlpnrpph512/.miktex/texmfs/install/tex/latex/amsmath/amsopn.sty
Package: amsopn 2022/04/08 v2.04 operator names
)
\inf@bad=\count196
LaTeX Info: Redefining \frac on input line 234.
\uproot@=\count197
\leftroot@=\count198
LaTeX Info: Redefining \overline on input line 399.
LaTeX Info: Redefining \colon on input line 410.
\classnum@=\count199
\DOTSCASE@=\count266
LaTeX Info: Redefining \ldots on input line 496.
LaTeX Info: Redefining \dots on input line 499.
LaTeX Info: Redefining \cdots on input line 620.
\Mathstrutbox@=\box51
\strutbox@=\box52
LaTeX Info: Redefining \big on input line 722.
LaTeX Info: Redefining \Big on input line 723.
LaTeX Info: Redefining \bigg on input line 724.
LaTeX Info: Redefining \Bigg on input line 725.
\big@size=\dimen143
LaTeX Font Info:    Redeclaring font encoding OML on input line 743.
LaTeX Font Info:    Redeclaring font encoding OMS on input line 744.
\macc@depth=\count267
LaTeX Info: Redefining \bmod on input line 905.
LaTeX Info: Redefining \pmod on input line 910.
LaTeX Info: Redefining \smash on input line 940.
LaTeX Info: Redefining \relbar on input line 970.
LaTeX Info: Redefining \Relbar on input line 971.
\c@MaxMatrixCols=\count268
\dotsspace@=\muskip16
\c@parentequation=\count269
\dspbrk@lvl=\count270
\tag@help=\toks18
\row@=\count271
\column@=\count272
\maxfields@=\count273
\andhelp@=\toks19
\eqnshift@=\dimen144
\alignsep@=\dimen145
\tagshift@=\dimen146
\tagwidth@=\dimen147
\totwidth@=\dimen148
\lineht@=\dimen149
\@envbody=\toks20
\multlinegap=\skip51
\multlinetaggap=\skip52
\mathdisplay@stack=\toks21
LaTeX Info: Redefining \[ on input line 2953.
LaTeX Info: Redefining \] on input line 2954.
) (/home/prlpnrpph512/.miktex/texmfs/install/tex/latex/base/fontenc.sty
Package: fontenc 2021/04/29 v2.0v Standard LaTeX package
) (/home/prlpnrpph512/.miktex/texmfs/install/tex/latex/geometry/geometry.sty
Package: geometry 2020/01/02 v5.9 Page Geometry
 (/home/prlpnrpph512/.miktex/texmfs/install/tex/latex/graphics/keyval.sty
Package: keyval 2022/05/29 v1.15 key=value parser (DPC)
\KV@toks@=\toks22
) (/home/prlpnrpph512/.miktex/texmfs/install/tex/generic/iftex/ifvtex.sty
Package: ifvtex 2019/10/25 v1.7 ifvtex legacy package. Use iftex instead.
 (/home/prlpnrpph512/.miktex/texmfs/install/tex/generic/iftex/iftex.sty
Package: iftex 2022/02/03 v1.0f TeX engine tests
))
\Gm@cnth=\count274
\Gm@cntv=\count275
\c@Gm@tempcnt=\count276
\Gm@bindingoffset=\dimen150
\Gm@wd@mp=\dimen151
\Gm@odd@mp=\dimen152
\Gm@even@mp=\dimen153
\Gm@layoutwidth=\dimen154
\Gm@layoutheight=\dimen155
\Gm@layouthoffset=\dimen156
\Gm@layoutvoffset=\dimen157
\Gm@dimlist=\toks23
 (/home/prlpnrpph512/.miktex/texmfs/install/tex/latex/geometry/geometry.cfg)) (/home/prlpnrpph512/.miktex/texmfs/install/tex/latex/comment/comment.sty
\CommentStream=\write3
 Excluding comment 'comment') (/home/prlpnrpph512/.miktex/texmfs/install/tex/latex/graphics/graphicx.sty
Package: graphicx 2021/09/16 v1.2d Enhanced LaTeX Graphics (DPC,SPQR)
 (/home/prlpnrpph512/.miktex/texmfs/install/tex/latex/graphics/graphics.sty
Package: graphics 2022/03/10 v1.4e Standard LaTeX Graphics (DPC,SPQR)
 (/home/prlpnrpph512/.miktex/texmfs/install/tex/latex/graphics/trig.sty
Package: trig 2021/08/11 v1.11 sin cos tan (DPC)
) (/home/prlpnrpph512/.miktex/texmfs/install/tex/latex/graphics-cfg/graphics.cfg
File: graphics.cfg 2016/06/04 v1.11 sample graphics configuration
)
Package graphics Info: Driver file: pdftex.def on input line 107.
 (/home/prlpnrpph512/.miktex/texmfs/install/tex/latex/graphics-def/pdftex.def
File: pdftex.def 2022/09/22 v1.2b Graphics/color driver for pdftex
))
\Gin@req@height=\dimen158
\Gin@req@width=\dimen159
) (/home/prlpnrpph512/.miktex/texmfs/install/tex/latex/float/float.sty
Package: float 2001/11/08 v1.3d Float enhancements (AL)
\c@float@type=\count277
\float@exts=\toks24
\float@box=\box53
\@float@everytoks=\toks25
\@floatcapt=\box54
) (/home/prlpnrpph512/.miktex/texmfs/install/tex/latex/l3backend/l3backend-pdftex.def
File: l3backend-pdftex.def 2024-02-20 L3 backend support: PDF output (pdfTeX)
\l__color_backend_stack_int=\count278
\l__pdf_internal_box=\box55
) (TR-R6.aux)
\openout1 = `TR-R6.aux'.

LaTeX Font Info:    Checking defaults for OML/cmm/m/it on input line 11.
LaTeX Font Info:    ... okay on input line 11.
LaTeX Font Info:    Checking defaults for OMS/cmsy/m/n on input line 11.
LaTeX Font Info:    ... okay on input line 11.
LaTeX Font Info:    Checking defaults for OT1/cmr/m/n on input line 11.
LaTeX Font Info:    ... okay on input line 11.
LaTeX Font Info:    Checking defaults for T1/cmr/m/n on input line 11.
LaTeX Font Info:    ... okay on input line 11.
LaTeX Font Info:    Checking defaults for TS1/cmr/m/n on input line 11.
LaTeX Font Info:    ... okay on input line 11.
LaTeX Font Info:    Checking defaults for OMX/cmex/m/n on input line 11.
LaTeX Font Info:    ... okay on input line 11.
LaTeX Font Info:    Checking defaults for U/cmr/m/n on input line 11.
LaTeX Font Info:    ... okay on input line 11.

*geometry* driver: auto-detecting
*geometry* detected driver: pdftex
*geometry* verbose mode - [ preamble ] result:
* driver: pdftex
* paper: <default>
* layout: <same size as paper>
* layoutoffset:(h,v)=(0.0pt,0.0pt)
* modes: 
* h-part:(L,W,R)=(71.13188pt, 472.03123pt, 71.13188pt)
* v-part:(T,H,B)=(71.13188pt, 652.70622pt, 71.13188pt)
* \paperwidth=614.295pt
* \paperheight=794.96999pt
* \textwidth=472.03123pt
* \textheight=652.70622pt
* \oddsidemargin=-1.1381pt
* \evensidemargin=-1.1381pt
* \topmargin=-38.1381pt
* \headheight=12.0pt
* \headsep=25.0pt
* \topskip=10.0pt
* \footskip=30.0pt
* \marginparwidth=65.0pt
* \marginparsep=11.0pt
* \columnsep=10.0pt
* \skip\footins=9.0pt plus 4.0pt minus 2.0pt
* \hoffset=0.0pt
* \voffset=0.0pt
* \mag=1000
* \@twocolumnfalse
* \@twosidefalse
* \@mparswitchfalse
* \@reversemarginfalse
* (1in=72.27pt=25.4mm, 1cm=28.453pt)

(/home/prlpnrpph512/.miktex/texmfs/install/tex/context/base/mkii/supp-pdf.mkii
[Loading MPS to PDF converter (version 2006.09.02).]
\scratchcounter=\count279
\scratchdimen=\dimen160
\scratchbox=\box56
\nofMPsegments=\count280
\nofMParguments=\count281
\everyMPshowfont=\toks26
\MPscratchCnt=\count282
\MPscratchDim=\dimen161
\MPnumerator=\count283
\makeMPintoPDFobject=\count284
\everyMPtoPDFconversion=\toks27
) (/home/prlpnrpph512/.miktex/texmfs/install/tex/latex/epstopdf-pkg/epstopdf-base.sty
Package: epstopdf-base 2020-01-24 v2.11 Base part for package epstopdf
Package epstopdf-base Info: Redefining graphics rule for `.eps' on input line 485.
 (/home/prlpnrpph512/.miktex/texmfs/install/tex/latex/00miktex/epstopdf-sys.cfg
File: epstopdf-sys.cfg 2021/03/18 v2.0 Configuration of epstopdf for MiKTeX
)) Excluding 'comment' comment.
Underfull \hbox (badness 10000) in paragraph at lines 32--43

 []


Underfull \hbox (badness 10000) in paragraph at lines 32--43

 []


Underfull \hbox (badness 10000) in paragraph at lines 47--50

 []


Underfull \hbox (badness 10000) in paragraph at lines 47--50

 []


Underfull \hbox (badness 10000) in paragraph at lines 47--50

 []

[1

{/home/prlpnrpph512/.miktex/texmfs/data/fonts/map/pdftex/pdftex.map}]
<../data/PrawieR5-Solid/PrawieR5-TR-Velocity-Mach06.png, id=8, 1230.84843pt x 560.8453pt>
File: ../data/PrawieR5-Solid/PrawieR5-TR-Velocity-Mach06.png Graphic file (type png)
<use ../data/PrawieR5-Solid/PrawieR5-TR-Velocity-Mach06.png>
Package pdftex.def Info: ../data/PrawieR5-Solid/PrawieR5-TR-Velocity-Mach06.png  used on input line 60.
(pdftex.def)             Requested size: 472.03123pt x 215.08316pt.
<../data/PrawieR5-Solid/ComputationalDomain.png, id=9, 955.31906pt x 548.80031pt>
File: ../data/PrawieR5-Solid/ComputationalDomain.png Graphic file (type png)
<use ../data/PrawieR5-Solid/ComputationalDomain.png>
Package pdftex.def Info: ../data/PrawieR5-Solid/ComputationalDomain.png  used on input line 66.
(pdftex.def)             Requested size: 472.03123pt x 271.1671pt.
<../data/R6-Endcone-Solid/domain.png, id=10, 1228.59pt x 569.87906pt>
File: ../data/R6-Endcone-Solid/domain.png Graphic file (type png)
<use ../data/R6-Endcone-Solid/domain.png>
Package pdftex.def Info: ../data/R6-Endcone-Solid/domain.png  used on input line 75.
(pdftex.def)             Requested size: 472.03123pt x 218.94759pt.
<../data/R6-Endcone-Solid/cells.png, id=11, 251.43938pt x 43.66313pt>
File: ../data/R6-Endcone-Solid/cells.png Graphic file (type png)
<use ../data/R6-Endcone-Solid/cells.png>
Package pdftex.def Info: ../data/R6-Endcone-Solid/cells.png  used on input line 80.
(pdftex.def)             Requested size: 283.22162pt x 49.18217pt.
 [2 <../data/PrawieR5-Solid/PrawieR5-TR-Velocity-Mach06.png> <../data/PrawieR5-Solid/ComputationalDomain.png>]
<../data/R6-Endcone-Solid/mesh.png, id=15, 1304.62407pt x 395.22656pt>
File: ../data/R6-Endcone-Solid/mesh.png Graphic file (type png)
<use ../data/R6-Endcone-Solid/mesh.png>
Package pdftex.def Info: ../data/R6-Endcone-Solid/mesh.png  used on input line 86.
(pdftex.def)             Requested size: 472.03123pt x 142.9991pt.
<../data/R6-Endcone-Solid/speed.png, id=16, 1129.97156pt x 353.06906pt>
File: ../data/R6-Endcone-Solid/speed.png Graphic file (type png)
<use ../data/R6-Endcone-Solid/speed.png>
Package pdftex.def Info: ../data/R6-Endcone-Solid/speed.png  used on input line 91.
(pdftex.def)             Requested size: 472.03123pt x 147.48526pt.
 [3 <../data/R6-Endcone-Solid/domain.png> <../data/R6-Endcone-Solid/cells.png> <../data/R6-Endcone-Solid/mesh.png>]
<../data/R6-Endcone-Solid/pressure.png, id=20, 1139.00531pt x 341.02406pt>
File: ../data/R6-Endcone-Solid/pressure.png Graphic file (type png)
<use ../data/R6-Endcone-Solid/pressure.png>
Package pdftex.def Info: ../data/R6-Endcone-Solid/pressure.png  used on input line 97.
(pdftex.def)             Requested size: 472.03123pt x 141.3246pt.
<../data/R6-NoEndcone-Solid/domain.png, id=21, 1218.80344pt x 581.92406pt>
File: ../data/R6-NoEndcone-Solid/domain.png Graphic file (type png)
<use ../data/R6-NoEndcone-Solid/domain.png>
Package pdftex.def Info: ../data/R6-NoEndcone-Solid/domain.png  used on input line 105.
(pdftex.def)             Requested size: 472.03123pt x 225.36893pt.
<../data/R6-NoEndcone-Solid/cells.png, id=22, 245.41687pt x 41.4047pt>
File: ../data/R6-NoEndcone-Solid/cells.png Graphic file (type png)
<use ../data/R6-NoEndcone-Solid/cells.png>
Package pdftex.def Info: ../data/R6-NoEndcone-Solid/cells.png  used on input line 110.
(pdftex.def)             Requested size: 283.22162pt x 47.78432pt.
 [4 <../data/R6-Endcone-Solid/speed.png> <../data/R6-Endcone-Solid/pressure.png> <../data/R6-NoEndcone-Solid/domain.png>]
<../data/R6-NoEndcone-Solid/mesh.png, id=26, 1051.67906pt x 398.23781pt>
File: ../data/R6-NoEndcone-Solid/mesh.png Graphic file (type png)
<use ../data/R6-NoEndcone-Solid/mesh.png>
Package pdftex.def Info: ../data/R6-NoEndcone-Solid/mesh.png  used on input line 116.
(pdftex.def)             Requested size: 472.03123pt x 178.74353pt.
<../data/R6-NoEndcone-Solid/speed.png, id=27, 1083.29718pt x 313.9228pt>
File: ../data/R6-NoEndcone-Solid/speed.png Graphic file (type png)
<use ../data/R6-NoEndcone-Solid/speed.png>
Package pdftex.def Info: ../data/R6-NoEndcone-Solid/speed.png  used on input line 121.
(pdftex.def)             Requested size: 472.03123pt x 136.78523pt.
<../data/R6-NoEndcone-Solid/konospeedoatode.png, id=28, 1096.84781pt x 268.75406pt>
File: ../data/R6-NoEndcone-Solid/konospeedoatode.png Graphic file (type png)
<use ../data/R6-NoEndcone-Solid/konospeedoatode.png>
Package pdftex.def Info: ../data/R6-NoEndcone-Solid/konospeedoatode.png  used on input line 127.
(pdftex.def)             Requested size: 472.03123pt x 115.65631pt.
<../data/DataAnalisysSolid/Solid-Studies-CD-Graph.pdf, id=29, 774.895pt x 593.21625pt>
File: ../data/DataAnalisysSolid/Solid-Studies-CD-Graph.pdf Graphic file (type pdf)
<use ../data/DataAnalisysSolid/Solid-Studies-CD-Graph.pdf>
Package pdftex.def Info: ../data/DataAnalisysSolid/Solid-Studies-CD-Graph.pdf  used on input line 135.
(pdftex.def)             Requested size: 472.03123pt x 361.36354pt.
 [5 <../data/R6-NoEndcone-Solid/cells.png> <../data/R6-NoEndcone-Solid/mesh.png> <../data/R6-NoEndcone-Solid/speed.png> <../data/R6-NoEndcone-Solid/konospeedoatode.png>] [6 <../data/DataAnalisysSolid/Solid-Studies-CD-Graph.pdf>]
Underfull \hbox (badness 10000) in paragraph at lines 167--181

 []


Underfull \hbox (badness 10000) in paragraph at lines 167--181

 []


Underfull \hbox (badness 10000) in paragraph at lines 167--181

 []

<../data/R6-Parametric-Endcone/ExampleCdGraphs.pdf, id=47, 629.4717pt x 389.5353pt>
File: ../data/R6-Parametric-Endcone/ExampleCdGraphs.pdf Graphic file (type pdf)
<use ../data/R6-Parametric-Endcone/ExampleCdGraphs.pdf>
Package pdftex.def Info: ../data/R6-Parametric-Endcone/ExampleCdGraphs.pdf  used on input line 186.
(pdftex.def)             Requested size: 472.03123pt x 292.1032pt.
<../data/R6-Parametric-Endcone/ForceVsAngle.pdf, id=48, 631.63983pt x 403.26662pt>
File: ../data/R6-Parametric-Endcone/ForceVsAngle.pdf Graphic file (type pdf)
<use ../data/R6-Parametric-Endcone/ForceVsAngle.pdf>
Package pdftex.def Info: ../data/R6-Parametric-Endcone/ForceVsAngle.pdf  used on input line 192.
(pdftex.def)             Requested size: 377.62642pt x 241.09421pt.
[7 <../data/R6-Parametric-Endcone/ExampleCdGraphs.pdf>]
Underfull \hbox (badness 10000) in paragraph at lines 195--202

 []

<../data/R6-Parametric-Endcone/CdVsAngle.pdf, id=93, 583.21887pt x 348.34142pt>
File: ../data/R6-Parametric-Endcone/CdVsAngle.pdf Graphic file (type pdf)
<use ../data/R6-Parametric-Endcone/CdVsAngle.pdf>
Package pdftex.def Info: ../data/R6-Parametric-Endcone/CdVsAngle.pdf  used on input line 205.
(pdftex.def)             Requested size: 377.62642pt x 225.55284pt.
[8 <../data/R6-Parametric-Endcone/ForceVsAngle.pdf> <../data/R6-Parametric-Endcone/CdVsAngle.pdf>] [9] (TR-R6.aux)
 ***********
LaTeX2e <2023-11-01> patch level 1
L3 programming layer <2024-02-20>
 ***********
 ) 
Here is how much of TeX's memory you used:
 3003 strings out of 476392
 48862 string characters out of 5793960
 1930187 words of memory out of 5000000
 25078 multiletter control sequences out of 15000+600000
 562369 words of font info for 43 fonts, out of 8000000 for 9000
 0 hyphenation exceptions out of 8191
 57i,9n,65p,302b,237s stack positions out of 10000i,1000n,20000p,200000b,200000s
 </home/prlpnrpph512/.miktex/texmfs/data/fonts/pk/ljfour/jknappen/ec/dpi600/ecrm1000.pk> </home/prlpnrpph512/.miktex/texmfs/data/fonts/pk/ljfour/jknappen/ec/dpi600/ecbx1200.pk> </home/prlpnrpph512/.miktex/texmfs/data/fonts/pk/ljfour/jknappen/ec/dpi600/ecbx1440.pk>
Output written on TR-R6.pdf (9 pages, 630672 bytes).
PDF statistics:
 321 PDF objects out of 1000 (max. 8388607)
 0 named destinations out of 1000 (max. 500000)
 81 words of extra memory for PDF output out of 10000 (max. 10000000)

