\BOOKMARK [0][-]{chapter.1}{\376\377\000I\000n\000t\000r\000o\000d\000u\000c\000t\000i\000o\000n}{}% 1
\BOOKMARK [1][-]{section.1.1}{\376\377\000G\000o\000a\000l\000\040\000o\000f\000\040\000s\000i\000m\000u\000l\000a\000t\000i\000o\000n\000s}{chapter.1}% 2
\BOOKMARK [1][-]{section.1.2}{\376\377\000S\000o\000f\000t\000w\000a\000r\000e\000\040\000u\000s\000e\000d}{chapter.1}% 3
\BOOKMARK [0][-]{chapter.2}{\376\377\000S\000o\000l\000i\000d\000w\000o\000r\000k\000s}{}% 4
\BOOKMARK [1][-]{section.2.1}{\376\377\000T\000u\000t\000o\000r\000i\000a\000l\000s}{chapter.2}% 5
\BOOKMARK [1][-]{section.2.2}{\376\377\000S\000o\000l\000i\000d\000W\000o\000r\000k\000s\000\040\000b\000a\000s\000i\000c\000s}{chapter.2}% 6
\BOOKMARK [1][-]{section.2.3}{\376\377\000F\000i\000r\000s\000t\000\040\000s\000i\000m\000u\000l\000a\000t\000i\000o\000n\000\040\000-\000\040\000S\000t\000e\000r\000n\000i\000k\000\040\0001\000.\0005}{chapter.2}% 7
\BOOKMARK [1][-]{section.2.4}{\376\377\000F\000i\000r\000s\000t\000\040\000p\000a\000r\000a\000m\000e\000t\000r\000i\000c\000\040\000f\000o\000r\000\040\000a\000l\000l\000\040\000v\000a\000l\000u\000e\000s\000\040\000d\000o\000n\000e\000\040\000b\000y\000\040\000P\000i\000o\000t\000r\000e\000k\000\040\000-\000\040\000S\000t\000e\000r\000n\000i\000k\000\040\0001\000.\0005}{chapter.2}% 8
\BOOKMARK [1][-]{section.2.5}{\376\377\000S\000e\000c\000o\000n\000d\000\040\000p\000a\000r\000a\000m\000e\000t\000r\000i\000c\000\040\000b\000y\000\040\000M\000a\000n\000f\000r\000e\000d\000\040\000a\000n\000d\000\040\000P\000i\000o\000t\000r\000e\000k\000\040\000-\000\040\000S\000t\000e\000r\000n\000i\000k\000\040\0001\000.\0005}{chapter.2}% 9
\BOOKMARK [1][-]{section.2.6}{\376\377\000S\000a\000m\000e\000\040\000p\000a\000r\000a\000m\000e\000t\000i\000c\000\040\000s\000t\000u\000d\000y\000\040\000f\000o\000r\000\040\000S\000t\000e\000r\000n\000i\000k\000\040\0001\000.\0005\000\040\000b\000u\000t\000\040\000w\000i\000t\000h\000\040\000d\000i\000f\000f\000e\000r\000e\000n\000t\000\040\000m\000e\000s\000h\000\040\000b\000y\000\040\000M\000a\000n\000f\000r\000e\000d}{chapter.2}% 10
\BOOKMARK [1][-]{section.2.7}{\376\377\000S\000i\000m\000i\000l\000a\000r\000\040\000s\000t\000u\000d\000y\000\040\000b\000u\000t\000\040\000f\000o\000r\000\040\000\050\000-\0003\0000\000;\000\040\0003\0000\000\051\000\040\000\050\0000\000;\000\040\0003\0000\000\051\000\040\000a\000n\000g\000l\000e\000s\000\040\000f\000o\000r\000\040\000S\000t\000e\000r\000n\000i\000k\000\040\0001\000.\0005\000\040\000b\000y\000\040\000M\000a\000n\000f\000r\000e\000d}{chapter.2}% 11
\BOOKMARK [1][-]{section.2.8}{\376\377\000P\000a\000r\000a\000m\000e\000t\000r\000i\000c\000\040\000s\000t\000u\000d\000y\000\040\000f\000o\000r\000\040\000S\000t\000e\000r\000n\000i\000k\000\040\0001\000.\0005\000\040\000f\000o\000r\000\040\000\050\000-\0003\0000\000;\000\040\0003\0000\000\051\000\040\000\050\000-\0003\0000\000;\000\040\0003\0000\000\051\000\040\000b\000y\000\040\000P\000i\000o\000t\000r\000e\000k}{chapter.2}% 12
\BOOKMARK [1][-]{section.2.9}{\376\377\000P\000a\000r\000a\000m\000e\000t\000r\000i\000c\000\040\000s\000t\000u\000d\000y\000\040\000f\000o\000r\000\040\000S\000t\000e\000r\000n\000i\000k\000\040\0001\000.\0005\000\040\000w\000i\000t\000h\000\040\000a\000n\000g\000l\000e\000\040\000o\000f\000\040\000a\000t\000t\000a\000c\000k\000\040\000a\000n\000d\000\040\000s\000i\000d\000e\000s\000l\000i\000p}{chapter.2}% 13
\BOOKMARK [1][-]{section.2.10}{\376\377\000I\000m\000p\000o\000r\000t\000a\000n\000t\000\040\000p\000r\000o\000b\000l\000e\000m\000\040\000w\000i\000t\000h\000\040\000S\000o\000l\000i\000d\000w\000o\000r\000k\000s}{chapter.2}% 14
\BOOKMARK [1][-]{section.2.11}{\376\377\000P\000a\000r\000a\000m\000e\000t\000r\000i\000c\000\040\000s\000t\000u\000d\000y\000\040\000f\000o\000r\000\040\000S\000t\000e\000r\000n\000i\000k\000\040\0001\000.\0005\000\040\000w\000i\000t\000h\000\040\000a\000n\000g\000l\000e\000\040\000o\000f\000\040\000a\000t\000t\000a\000c\000k\000\040\000a\000n\000d\000\040\000s\000i\000d\000e\000s\000l\000i\000p\000\040\000b\000y\000\040\000P\000i\000o\000t\000r\000e\000k}{chapter.2}% 15
\BOOKMARK [2][-]{subsection.2.11.1}{\376\377\000C\000a\000n\000a\000r\000d\000\040\000a\000n\000g\000l\000e\000s\000\040\000o\000f\000\040\000\050\0002\0000\000,\000\040\0002\0000\000\051\000\040\000d\000e\000g\000r\000e\000e\000s}{section.2.11}% 16
\BOOKMARK [2][-]{subsection.2.11.2}{\376\377\000C\000a\000n\000a\000r\000d\000\040\000a\000n\000g\000l\000e\000s\000\040\000o\000f\000\040\000\050\0000\000,\000\040\0000\000\051\000\040\000d\000e\000g\000r\000e\000e\000s}{section.2.11}% 17
\BOOKMARK [1][-]{section.2.12}{\376\377\000T\000h\000e\000\040\000p\000r\000o\000b\000l\000e\000m\000a\000t\000i\000c\000\040\000\050\0000\000,\000\040\0002\0000\000\051\000\040\000d\000e\000g\000r\000e\000e\000s\000\040\000s\000t\000u\000d\000y}{chapter.2}% 18
\BOOKMARK [1][-]{section.2.13}{\376\377\000S\000a\000m\000e\000\040\000\050\0000\000,\000\040\0002\0000\000\051\000\040\000s\000t\000u\000d\000y\000\040\000o\000n\000\040\000t\000h\000e\000\040\000o\000l\000d\000\040\000a\000s\000s\000e\000m\000b\000l\000y}{chapter.2}% 19
\BOOKMARK [2][-]{subsection.2.13.1}{\376\377\000C\000o\000m\000p\000a\000r\000i\000s\000o\000n\000\040\000o\000f\000\040\000t\000h\000e\000\040\000r\000e\000s\000u\000l\000t\000s}{section.2.13}% 20
\BOOKMARK [2][-]{subsection.2.13.2}{\376\377\000S\000a\000m\000e\000\040\000c\000a\000n\000n\000a\000r\000d\000\040\000o\000n\000\040\000n\000e\000w\000\040\000a\000s\000s\000e\000m\000b\000l\000y\000\040\000b\000y\000\040\000P\000i\000o\000t\000r\000e\000k}{section.2.13}% 21
\BOOKMARK [1][-]{section.2.14}{\376\377\000P\000a\000r\000a\000m\000e\000t\000r\000i\000c\000\040\000f\000o\000r\000\040\000a\000n\000g\000l\000e\000s\000\040\000o\000f\000\040\000c\000a\000n\000n\000a\000r\000d\000s\000\040\000f\000o\000r\000\040\000a\000n\000g\000l\000e\000\040\000o\000f\000\040\000a\000t\000t\000a\000c\000k\000\040\000o\000f\000\040\0000\000\040\000d\000e\000g\000r\000e\000e\000s\000\040\000b\000y\000\040\000P\000i\000o\000t\000r\000e\000k}{chapter.2}% 22
\BOOKMARK [1][-]{section.2.15}{\376\377\000W\000h\000y\000\040\000n\000o\000t\000\040\000u\000s\000e\000\040\000g\000l\000o\000b\000a\000l\000\040\000a\000n\000g\000l\000e\000s\000\040\000f\000o\000r\000\040\000p\000a\000r\000a\000m\000e\000t\000r\000i\000c\000\040\000s\000t\000u\000d\000i\000e\000s}{chapter.2}% 23
\BOOKMARK [1][-]{section.2.16}{\376\377\000C\000o\000n\000c\000l\000u\000s\000i\000o\000n}{chapter.2}% 24
\BOOKMARK [0][-]{chapter.3}{\376\377\000A\000n\000s\000y\000s}{}% 25
\BOOKMARK [1][-]{section.3.1}{\376\377\000T\000u\000t\000u\000r\000i\000a\000l\000s}{chapter.3}% 26
