\BOOKMARK [1][-]{section.1}{\376\377\000I\000n\000t\000r\000o\000d\000u\000c\000t\000i\000o\000n}{}% 1
\BOOKMARK [1][-]{section.2}{\376\377\000M\000e\000t\000o\000d\000y\000k\000a\000\040\000b\000a\000d\000a\000n\000i\000a\000\040\000w\000o\000g\000\363\000l\000e}{}% 2
\BOOKMARK [1][-]{section.3}{\376\377\000O\000p\000r\000a\000c\000o\000w\000a\000n\000i\000e\000\040\000w\000y\000n\000i\000k\000\363\000w\000\040\000d\000o\000\040\000t\000e\000j\000\040\000p\000o\000r\000y\000\040\000u\000z\000y\000s\000k\000a\000n\000y\000c\000h\000\040\000z\000\040\000S\000o\000l\000i\000d\000a\000\040\000i\000\040\000p\000r\000o\000b\000l\000e\000m\000y\000\040\000j\000a\000k\000i\000e\000\040\000n\000a\000p\000o\000t\000k\000a\000l\000i\001\133\000m\000y}{}% 3
\BOOKMARK [1][-]{section.4}{\376\377\000S\000t\000e\000r\000n\000i\000k\000\040\0001\000.\0005\000\040\000w\000\040\000A\000n\000s\000y\000s\000i\000e}{}% 4
\BOOKMARK [2][-]{subsection.4.1}{\376\377\000P\000r\000o\000b\000l\000e\000m\000y\000\040\000n\000a\000p\000o\000t\000k\000a\000n\000e\000\040\000w\000\040\000A\000n\000s\000y\000s\000i\000e}{section.4}% 5
\BOOKMARK [2][-]{subsection.4.2}{\376\377\000S\000u\000p\000e\000r\000\040\000d\000o\000k\001\102\000a\000d\000n\000e\000\040\000s\000y\000m\000u\000l\000a\000c\000j\000e\000\040\000i\000\040\000h\000e\000a\000t\000m\000a\000p\000y}{section.4}% 6
\BOOKMARK [2][-]{subsection.4.3}{\376\377\000O\000p\000i\000s\000a\000n\000i\000e\000\040\000u\000s\000t\000a\000w\000i\000e\001\104\000\040\000s\000y\000m\000u\000l\000a\000c\000j\000i}{section.4}% 7
\BOOKMARK [2][-]{subsection.4.4}{\376\377\000B\000a\000d\000a\000n\000i\000a\000\040\000i\000n\000n\000y\000c\000h\000\040\000u\000s\000t\000a\000w\000i\000e\001\104\000\040\000-\000\040\000t\000y\000l\000k\000o\000\040\000o\000p\000t\000y\000m\000a\000l\000i\000z\000a\000c\000j\000a\000\040\000c\000z\000a\000s\000o\000w\000a}{section.4}% 8
\BOOKMARK [1][-]{section.5}{\376\377\000B\000a\000d\000a\000n\000i\000a\000\040\000D\000o\000m\000e\000n\000e}{}% 9
\BOOKMARK [1][-]{section.6}{\376\377\000B\000a\000d\000a\000n\000i\000a\000\040\000M\000e\000s\000h\000u}{}% 10
\BOOKMARK [1][-]{section.7}{\376\377\000S\000t\000e\000r\000n\000i\000k\000\040\0001\000.\0005\000\040\000f\000u\000l\000l\000\040\000p\000a\000r\000a\000m\000e\000t\000r\000i\000k}{}% 11
\BOOKMARK [1][-]{section.8}{\376\377\000S\000t\000e\000r\000n\000i\000k\000\040\0002\000.\0000}{}% 12
\BOOKMARK [2][-]{subsection.8.1}{\376\377\000O\000p\000t\000y\000m\000a\000l\000i\000z\000a\000c\000j\000a\000\040\000c\000z\000a\000s\000o\000w\000a\000\040\000i\000\040\000i\000n\000n\000e\000\040\000u\000s\000t\000a\000w\000i\000e\000n\000i\000a\000\040\000c\000o\000\040\000s\000i\000e\000\040\000d\000o\000w\000i\000e\000m\000y}{section.8}% 13
\BOOKMARK [2][-]{subsection.8.2}{\376\377\000H\000e\000a\000t\000m\000a\000p\000y\000\040\000p\000o\000k\000a\000z\000a\001\007}{section.8}% 14
\BOOKMARK [2][-]{subsection.8.3}{\376\377\000S\000u\000p\000e\000r\000\040\000d\000o\000k\001\102\000a\000d\000n\000e\000\040\000w\000y\000n\000i\000k\000i}{section.8}% 15
\BOOKMARK [1][-]{section.9}{\376\377\000B\000a\000d\000a\000n\000i\000e\000\040\000D\000o\000m\000e\000n\000y}{}% 16
\BOOKMARK [1][-]{section.10}{\376\377\000B\000a\000d\000a\000n\000i\000e\000\040\000M\000e\000s\000h\000u}{}% 17
\BOOKMARK [1][-]{section.11}{\376\377\000B\000a\000d\000a\000n\000i\000e\000\040\000i\000n\000n\000y\000c\000h\000\040\000u\000s\000t\000a\000w\000i\000e\001\104}{}% 18
\BOOKMARK [1][-]{section.12}{\376\377\000B\000a\000d\000a\000n\000i\000e\000\040\000i\000n\000t\000e\000r\000p\000o\000l\000a\000c\000j\000i}{}% 19
\BOOKMARK [1][-]{section.13}{\376\377\000F\000u\000l\000l\000\040\000p\000a\000r\000a\000m\000e\000t\000r\000i\000k}{}% 20
\BOOKMARK [1][-]{section.14}{\376\377\000W\000n\000i\000o\000s\000k\000i}{}% 21
